<?xml version="1.0" encoding="UTF-8"?>
<!-- Generated by org.testng.reporters.JUnitReportReporter -->
<testsuite hostname="AKAMTIK-IN-LA01.local" failures="0" tests="1" name="com.javacodegeeks.Timepass" time="1.361" errors="0" timestamp="06 Oct 2018 06:47:04 GMT" skipped="0">
  <testcase classname="com.javacodegeeks.Timepass" name="simple_get_test" time="1.361"/>
</testsuite> <!-- com.javacodegeeks.Timepass -->
